<?xml version="1.0" encoding="UTF-8"?>
<!-- Generated by org.testng.reporters.JUnitReportReporter -->
<testsuite hostname="DESKTOP-STF68KI" name="com.testcases.TestCasesExecution" tests="2" failures="0" timestamp="19 Feb 2020 10:12:33 GMT" time="48.471" errors="0">
  <testcase name="browser_setup" time="43.648" classname="com.testcases.TestCasesExecution"/>
  <testcase name="login_homePage" time="4.823" classname="com.testcases.TestCasesExecution"/>
</testsuite> <!-- com.testcases.TestCasesExecution -->
